[debug] [2025-01-11T12:28:58.868Z] ----------------------------------------------------------------------
[debug] [2025-01-11T12:28:58.870Z] Command:       /Users/anthonymamode/.nvm/versions/node/v20.3.1/bin/node /Users/anthonymamode/.nvm/versions/node/v20.3.1/bin/firebase emulators:start --only functions
[debug] [2025-01-11T12:28:58.870Z] CLI Version:   13.29.1
[debug] [2025-01-11T12:28:58.871Z] Platform:      darwin
[debug] [2025-01-11T12:28:58.871Z] Node Version:  v20.3.1
[debug] [2025-01-11T12:28:58.871Z] Time:          Sat Jan 11 2025 13:28:58 GMT+0100 (Central European Standard Time)
[debug] [2025-01-11T12:28:58.871Z] ----------------------------------------------------------------------
[debug] 
[debug] [2025-01-11T12:28:58.950Z] > command requires scopes: ["email","openid","https://www.googleapis.com/auth/cloudplatformprojects.readonly","https://www.googleapis.com/auth/firebase","https://www.googleapis.com/auth/cloud-platform"]
[debug] [2025-01-11T12:28:58.951Z] > authorizing via signed-in user (anthony.mamode@gmail.com)
[info] i  emulators: Starting emulators: functions {"metadata":{"emulator":{"name":"hub"},"message":"Starting emulators: functions"}}
[debug] [2025-01-11T12:28:59.256Z] [logging] Logging Emulator only supports listening on one address (127.0.0.1). Not listening on ::1
[debug] [2025-01-11T12:28:59.256Z] assigned listening specs for emulators {"user":{"hub":[{"address":"127.0.0.1","family":"IPv4","port":4400},{"address":"::1","family":"IPv6","port":4400}],"ui":[{"address":"127.0.0.1","family":"IPv4","port":4000},{"address":"::1","family":"IPv6","port":4000}],"logging":[{"address":"127.0.0.1","family":"IPv4","port":4500}]},"metadata":{"message":"assigned listening specs for emulators"}}
[debug] [2025-01-11T12:28:59.259Z] [hub] writing locator at /var/folders/74/v9y4l6l53sb7q4mcpc1hp2_m0000gn/T/hub-kaizen-cmp.json
[debug] [2025-01-11T12:28:59.628Z] [functions] Functions Emulator only supports listening on one address (127.0.0.1). Not listening on ::1
[debug] [2025-01-11T12:28:59.628Z] [eventarc] Eventarc Emulator only supports listening on one address (127.0.0.1). Not listening on ::1
[debug] [2025-01-11T12:28:59.629Z] [tasks] Cloud Tasks Emulator only supports listening on one address (127.0.0.1). Not listening on ::1
[debug] [2025-01-11T12:28:59.629Z] late-assigned ports for functions and eventarc emulators {"user":{"hub":[{"address":"127.0.0.1","family":"IPv4","port":4400},{"address":"::1","family":"IPv6","port":4400}],"ui":[{"address":"127.0.0.1","family":"IPv4","port":4000},{"address":"::1","family":"IPv6","port":4000}],"logging":[{"address":"127.0.0.1","family":"IPv4","port":4500}],"functions":[{"address":"127.0.0.1","family":"IPv4","port":5001}],"eventarc":[{"address":"127.0.0.1","family":"IPv4","port":9299}],"tasks":[{"address":"127.0.0.1","family":"IPv4","port":9499}]},"metadata":{"message":"late-assigned ports for functions and eventarc emulators"}}
[warn] ⚠  functions: The following emulators are not running, calls to these services from the Functions emulator will affect production: apphosting, auth, firestore, database, hosting, pubsub, storage, dataconnect {"metadata":{"emulator":{"name":"functions"},"message":"The following emulators are not running, calls to these services from the Functions emulator will affect production: \u001b[1mapphosting, auth, firestore, database, hosting, pubsub, storage, dataconnect\u001b[22m"}}
[debug] [2025-01-11T12:28:59.631Z] defaultcredentials: writing to file /Users/anthonymamode/.config/firebase/anthony_mamode_gmail.com_application_default_credentials.json
[debug] [2025-01-11T12:28:59.632Z] Setting GAC to /Users/anthonymamode/.config/firebase/anthony_mamode_gmail.com_application_default_credentials.json {"metadata":{"emulator":{"name":"functions"},"message":"Setting GAC to /Users/anthonymamode/.config/firebase/anthony_mamode_gmail.com_application_default_credentials.json"}}
[debug] [2025-01-11T12:28:59.633Z] Checked if tokens are valid: true, expires at: 1736599520705
[debug] [2025-01-11T12:28:59.633Z] Checked if tokens are valid: true, expires at: 1736599520705
[debug] [2025-01-11T12:28:59.634Z] >>> [apiv2][query] GET https://firebase.googleapis.com/v1beta1/projects/kaizen-cmp/adminSdkConfig [none]
[debug] [2025-01-11T12:28:59.902Z] <<< [apiv2][status] GET https://firebase.googleapis.com/v1beta1/projects/kaizen-cmp/adminSdkConfig 200
[debug] [2025-01-11T12:28:59.902Z] <<< [apiv2][body] GET https://firebase.googleapis.com/v1beta1/projects/kaizen-cmp/adminSdkConfig {"projectId":"kaizen-cmp","storageBucket":"kaizen-cmp.firebasestorage.app"}
[info] i  functions: Watching "/Users/anthonymamode/AndroidStudioProjects/Kaizen/functions" for Cloud Functions... {"metadata":{"emulator":{"name":"functions"},"message":"Watching \"/Users/anthonymamode/AndroidStudioProjects/Kaizen/functions\" for Cloud Functions..."}}
[debug] [2025-01-11T12:28:59.925Z] Validating nodejs source
[debug] [2025-01-11T12:29:00.376Z] > [functions] package.json contents: {
  "name": "functions",
  "scripts": {
    "build": "tsc",
    "build:watch": "tsc --watch",
    "serve": "npm run build && firebase emulators:start --only functions",
    "shell": "npm run build && firebase functions:shell",
    "start": "npm run shell",
    "deploy": "firebase deploy --only functions",
    "logs": "firebase functions:log"
  },
  "engines": {
    "node": "18"
  },
  "main": "lib/index.js",
  "dependencies": {
    "firebase-admin": "^12.6.0",
    "firebase-functions": "^6.0.1"
  },
  "devDependencies": {
    "typescript": "^4.9.0",
    "firebase-functions-test": "^3.1.0"
  },
  "private": true
}
[debug] [2025-01-11T12:29:00.376Z] Building nodejs source
[debug] [2025-01-11T12:29:00.376Z] Failed to find version of module node: reached end of search path /Users/anthonymamode/AndroidStudioProjects/Kaizen/functions/node_modules
[warn] ⚠  functions: Your requested "node" version "18" doesn't match your global version "20". Using node@20 from host. 
[debug] [2025-01-11T12:29:00.378Z] Could not find functions.yaml. Must use http discovery
[debug] [2025-01-11T12:29:00.382Z] Found firebase-functions binary at '/Users/anthonymamode/AndroidStudioProjects/Kaizen/functions/node_modules/.bin/firebase-functions'
[info] Serving at port 8206

[debug] [2025-01-11T12:29:00.573Z] Got response from /__/functions.yaml {"endpoints":{"getFriendPreviewById":{"availableMemoryMb":null,"timeoutSeconds":null,"minInstances":null,"maxInstances":null,"ingressSettings":null,"concurrency":null,"serviceAccountEmail":null,"vpc":null,"platform":"gcfv2","labels":{},"httpsTrigger":{},"entryPoint":"getFriendPreviewById"}},"specVersion":"v1alpha1","requiredAPIs":[],"extensions":{}}
[info] ✔  functions: Loaded functions definitions from source: getFriendPreviewById. {"metadata":{"emulator":{"name":"functions"},"message":"Loaded functions definitions from source: getFriendPreviewById."}}
[info] ✔  functions[us-central1-getFriendPreviewById]: http function initialized (http://127.0.0.1:5001/kaizen-cmp/us-central1/getFriendPreviewById). {"metadata":{"emulator":{"name":"functions"},"message":"\u001b[1mhttp\u001b[22m function initialized (http://127.0.0.1:5001/kaizen-cmp/us-central1/getFriendPreviewById)."}}
[debug] [2025-01-11T12:29:05.614Z] Could not find VSCode notification endpoint: FetchError: request to http://localhost:40001/vscode/notify failed, reason: . If you are not running the Firebase Data Connect VSCode extension, this is expected and not an issue.
[info] 
┌─────────────────────────────────────────────────────────────┐
│ ✔  All emulators ready! It is now safe to connect your app. │
│ i  View Emulator UI at http://127.0.0.1:4000/               │
└─────────────────────────────────────────────────────────────┘

┌───────────┬────────────────┬─────────────────────────────────┐
│ Emulator  │ Host:Port      │ View in Emulator UI             │
├───────────┼────────────────┼─────────────────────────────────┤
│ Functions │ 127.0.0.1:5001 │ http://127.0.0.1:4000/functions │
└───────────┴────────────────┴─────────────────────────────────┘
  Emulator Hub running at 127.0.0.1:4400
  Other reserved ports: 4500

Issues? Report them at https://github.com/firebase/firebase-tools/issues and attach the *-debug.log files.
 
[debug] [2025-01-11T12:29:47.241Z] [work-queue] {"queuedWork":["/kaizen-cmp/us-central1/getFriendPreviewById-2025-01-11T12:29:47.241Z"],"queueLength":1,"runningWork":[],"workRunningCount":0}
[debug] [2025-01-11T12:29:47.242Z] [work-queue] {"queuedWork":[],"queueLength":0,"runningWork":["/kaizen-cmp/us-central1/getFriendPreviewById-2025-01-11T12:29:47.241Z"],"workRunningCount":1}
[debug] [2025-01-11T12:29:47.243Z] Accepted request GET /kaizen-cmp/us-central1/getFriendPreviewById?id=auMhg28B20Y26ZpPVMipHUjso7w2 --> us-central1-getFriendPreviewById
[debug] [2025-01-11T12:29:47.248Z] [functions] Runtime ready! Sending request! {"metadata":{"emulator":{"name":"functions"},"message":"[functions] Runtime ready! Sending request!"}}
[debug] [2025-01-11T12:29:47.248Z] [functions] Got req.url=/kaizen-cmp/us-central1/getFriendPreviewById?id=auMhg28B20Y26ZpPVMipHUjso7w2, mapping to path=/?id=auMhg28B20Y26ZpPVMipHUjso7w2 {"metadata":{"emulator":{"name":"functions"},"message":"[functions] Got req.url=/kaizen-cmp/us-central1/getFriendPreviewById?id=auMhg28B20Y26ZpPVMipHUjso7w2, mapping to path=/?id=auMhg28B20Y26ZpPVMipHUjso7w2"}}
[debug] [2025-01-11T12:29:47.254Z] [worker-pool] addWorker(us-central1-getFriendPreviewById) {"metadata":{"emulator":{"name":"functions"},"message":"[worker-pool] addWorker(us-central1-getFriendPreviewById)"}}
[debug] [2025-01-11T12:29:47.255Z] [worker-pool] Adding worker with key us-central1-getFriendPreviewById, total=1 {"metadata":{"emulator":{"name":"functions"},"message":"[worker-pool] Adding worker with key us-central1-getFriendPreviewById, total=1"}}
[debug] [2025-01-11T12:29:48.238Z] [runtime-status] [81294] Resolved module firebase-admin {"declared":true,"installed":true,"version":"12.7.0","resolution":"/Users/anthonymamode/AndroidStudioProjects/Kaizen/functions/node_modules/firebase-admin/lib/index.js"} {"metadata":{"emulator":{"name":"functions"},"function":{"name":"us-central1-getFriendPreviewById"},"extension":{},"message":"[runtime-status] [81294] Resolved module firebase-admin {\"declared\":true,\"installed\":true,\"version\":\"12.7.0\",\"resolution\":\"/Users/anthonymamode/AndroidStudioProjects/Kaizen/functions/node_modules/firebase-admin/lib/index.js\"}"}}
[debug] [2025-01-11T12:29:48.239Z] [runtime-status] [81294] Resolved module firebase-functions {"declared":true,"installed":true,"version":"6.2.0","resolution":"/Users/anthonymamode/AndroidStudioProjects/Kaizen/functions/node_modules/firebase-functions/lib/v2/index.js"} {"metadata":{"emulator":{"name":"functions"},"function":{"name":"us-central1-getFriendPreviewById"},"extension":{},"message":"[runtime-status] [81294] Resolved module firebase-functions {\"declared\":true,\"installed\":true,\"version\":\"6.2.0\",\"resolution\":\"/Users/anthonymamode/AndroidStudioProjects/Kaizen/functions/node_modules/firebase-functions/lib/v2/index.js\"}"}}
[debug] [2025-01-11T12:29:48.239Z] [runtime-status] [81294] Outgoing network have been stubbed. [{"name":"http","status":"mocked"},{"name":"http","status":"mocked"},{"name":"https","status":"mocked"},{"name":"https","status":"mocked"},{"name":"net","status":"mocked"}] {"metadata":{"emulator":{"name":"functions"},"function":{"name":"us-central1-getFriendPreviewById"},"extension":{},"message":"[runtime-status] [81294] Outgoing network have been stubbed. [{\"name\":\"http\",\"status\":\"mocked\"},{\"name\":\"http\",\"status\":\"mocked\"},{\"name\":\"https\",\"status\":\"mocked\"},{\"name\":\"https\",\"status\":\"mocked\"},{\"name\":\"net\",\"status\":\"mocked\"}]"}}
[debug] [2025-01-11T12:29:48.239Z] [runtime-status] [81294] Resolved module firebase-functions {"declared":true,"installed":true,"version":"6.2.0","resolution":"/Users/anthonymamode/AndroidStudioProjects/Kaizen/functions/node_modules/firebase-functions/lib/v2/index.js"} {"metadata":{"emulator":{"name":"functions"},"function":{"name":"us-central1-getFriendPreviewById"},"extension":{},"message":"[runtime-status] [81294] Resolved module firebase-functions {\"declared\":true,\"installed\":true,\"version\":\"6.2.0\",\"resolution\":\"/Users/anthonymamode/AndroidStudioProjects/Kaizen/functions/node_modules/firebase-functions/lib/v2/index.js\"}"}}
[debug] [2025-01-11T12:29:48.425Z] [runtime-status] [81294] Checked functions.config() {"config":{}} {"metadata":{"emulator":{"name":"functions"},"function":{"name":"us-central1-getFriendPreviewById"},"extension":{},"message":"[runtime-status] [81294] Checked functions.config() {\"config\":{}}"}}
[debug] [2025-01-11T12:29:48.425Z] [runtime-status] [81294] firebase-functions has been stubbed. {"functionsResolution":{"declared":true,"installed":true,"version":"6.2.0","resolution":"/Users/anthonymamode/AndroidStudioProjects/Kaizen/functions/node_modules/firebase-functions/lib/v2/index.js"}} {"metadata":{"emulator":{"name":"functions"},"function":{"name":"us-central1-getFriendPreviewById"},"extension":{},"message":"[runtime-status] [81294] firebase-functions has been stubbed. {\"functionsResolution\":{\"declared\":true,\"installed\":true,\"version\":\"6.2.0\",\"resolution\":\"/Users/anthonymamode/AndroidStudioProjects/Kaizen/functions/node_modules/firebase-functions/lib/v2/index.js\"}}"}}
[debug] [2025-01-11T12:29:48.425Z] [runtime-status] [81294] Resolved module firebase-functions {"declared":true,"installed":true,"version":"6.2.0","resolution":"/Users/anthonymamode/AndroidStudioProjects/Kaizen/functions/node_modules/firebase-functions/lib/v2/index.js"} {"metadata":{"emulator":{"name":"functions"},"function":{"name":"us-central1-getFriendPreviewById"},"extension":{},"message":"[runtime-status] [81294] Resolved module firebase-functions {\"declared\":true,\"installed\":true,\"version\":\"6.2.0\",\"resolution\":\"/Users/anthonymamode/AndroidStudioProjects/Kaizen/functions/node_modules/firebase-functions/lib/v2/index.js\"}"}}
[debug] [2025-01-11T12:29:48.427Z] [runtime-status] [81294] Resolved module firebase-admin {"declared":true,"installed":true,"version":"12.7.0","resolution":"/Users/anthonymamode/AndroidStudioProjects/Kaizen/functions/node_modules/firebase-admin/lib/index.js"} {"metadata":{"emulator":{"name":"functions"},"function":{"name":"us-central1-getFriendPreviewById"},"extension":{},"message":"[runtime-status] [81294] Resolved module firebase-admin {\"declared\":true,\"installed\":true,\"version\":\"12.7.0\",\"resolution\":\"/Users/anthonymamode/AndroidStudioProjects/Kaizen/functions/node_modules/firebase-admin/lib/index.js\"}"}}
[debug] [2025-01-11T12:29:48.428Z] [runtime-status] [81294] Resolved module firebase-functions {"declared":true,"installed":true,"version":"6.2.0","resolution":"/Users/anthonymamode/AndroidStudioProjects/Kaizen/functions/node_modules/firebase-functions/lib/v2/index.js"} {"metadata":{"emulator":{"name":"functions"},"function":{"name":"us-central1-getFriendPreviewById"},"extension":{},"message":"[runtime-status] [81294] Resolved module firebase-functions {\"declared\":true,\"installed\":true,\"version\":\"6.2.0\",\"resolution\":\"/Users/anthonymamode/AndroidStudioProjects/Kaizen/functions/node_modules/firebase-functions/lib/v2/index.js\"}"}}
[debug] [2025-01-11T12:29:48.429Z] [runtime-status] [81294] firebase-admin has been stubbed. {"adminResolution":{"declared":true,"installed":true,"version":"12.7.0","resolution":"/Users/anthonymamode/AndroidStudioProjects/Kaizen/functions/node_modules/firebase-admin/lib/index.js"}} {"metadata":{"emulator":{"name":"functions"},"function":{"name":"us-central1-getFriendPreviewById"},"extension":{},"message":"[runtime-status] [81294] firebase-admin has been stubbed. {\"adminResolution\":{\"declared\":true,\"installed\":true,\"version\":\"12.7.0\",\"resolution\":\"/Users/anthonymamode/AndroidStudioProjects/Kaizen/functions/node_modules/firebase-admin/lib/index.js\"}}"}}
[debug] [2025-01-11T12:29:48.434Z] [runtime-status] [81294] Functions runtime initialized. {"cwd":"/Users/anthonymamode/AndroidStudioProjects/Kaizen/functions","node_version":"20.3.1"} {"metadata":{"emulator":{"name":"functions"},"function":{"name":"us-central1-getFriendPreviewById"},"extension":{},"message":"[runtime-status] [81294] Functions runtime initialized. {\"cwd\":\"/Users/anthonymamode/AndroidStudioProjects/Kaizen/functions\",\"node_version\":\"20.3.1\"}"}}
[debug] [2025-01-11T12:29:48.434Z] [runtime-status] [81294] Listening to port: /var/folders/74/v9y4l6l53sb7q4mcpc1hp2_m0000gn/T/fire_emu_7b4ad8edd2333c5d.sock {"metadata":{"emulator":{"name":"functions"},"function":{"name":"us-central1-getFriendPreviewById"},"extension":{},"message":"[runtime-status] [81294] Listening to port: /var/folders/74/v9y4l6l53sb7q4mcpc1hp2_m0000gn/T/fire_emu_7b4ad8edd2333c5d.sock"}}
[debug] [2025-01-11T12:29:48.477Z] [worker-us-central1-getFriendPreviewById-8b4ab5f5-79ab-4df2-9624-c777d366a242]: IDLE {"metadata":{"emulator":{"name":"functions"},"function":{"name":"us-central1-getFriendPreviewById"},"extension":{},"message":"[worker-us-central1-getFriendPreviewById-8b4ab5f5-79ab-4df2-9624-c777d366a242]: IDLE"}}
[debug] [2025-01-11T12:29:48.477Z] [worker-pool] submitRequest(triggerId=us-central1-getFriendPreviewById) {"metadata":{"emulator":{"name":"functions"},"message":"[worker-pool] submitRequest(triggerId=us-central1-getFriendPreviewById)"}}
[info] i  functions: Beginning execution of "us-central1-getFriendPreviewById" {"metadata":{"emulator":{"name":"functions"},"function":{"name":"us-central1-getFriendPreviewById"},"extension":{},"message":"Beginning execution of \"us-central1-getFriendPreviewById\""}}
[debug] [2025-01-11T12:29:48.478Z] [worker-us-central1-getFriendPreviewById-8b4ab5f5-79ab-4df2-9624-c777d366a242]: BUSY {"metadata":{"emulator":{"name":"functions"},"function":{"name":"us-central1-getFriendPreviewById"},"extension":{},"message":"[worker-us-central1-getFriendPreviewById-8b4ab5f5-79ab-4df2-9624-c777d366a242]: BUSY"}}
[warn] ⚠  Google API requested!
   - URL: "https://oauth2.googleapis.com/token"
   - Be careful, this may be a production service. {"metadata":{"emulator":{"name":"functions"},"function":{"name":"us-central1-getFriendPreviewById"},"extension":{},"message":"Google API requested!\n   - URL: \"https://oauth2.googleapis.com/token\"\n   - Be careful, this may be a production service."}}
[debug] [2025-01-11T12:29:49.004Z] Finishing up request with event=pause {"metadata":{"emulator":{"name":"functions"},"function":{"name":"us-central1-getFriendPreviewById"},"extension":{},"message":"Finishing up request with event=pause"}}
[info] i  functions: Finished "us-central1-getFriendPreviewById" in 526.208542ms {"metadata":{"emulator":{"name":"functions"},"function":{"name":"us-central1-getFriendPreviewById"},"extension":{},"message":"Finished \"us-central1-getFriendPreviewById\" in 526.208542ms"}}
[debug] [2025-01-11T12:29:49.004Z] [worker-us-central1-getFriendPreviewById-8b4ab5f5-79ab-4df2-9624-c777d366a242]: IDLE {"metadata":{"emulator":{"name":"functions"},"function":{"name":"us-central1-getFriendPreviewById"},"extension":{},"message":"[worker-us-central1-getFriendPreviewById-8b4ab5f5-79ab-4df2-9624-c777d366a242]: IDLE"}}
[debug] [2025-01-11T12:29:49.005Z] Finishing up request with event=finish {"metadata":{"emulator":{"name":"functions"},"function":{"name":"us-central1-getFriendPreviewById"},"extension":{},"message":"Finishing up request with event=finish"}}
[debug] [2025-01-11T12:29:49.005Z] Finishing up request with event=close {"metadata":{"emulator":{"name":"functions"},"function":{"name":"us-central1-getFriendPreviewById"},"extension":{},"message":"Finishing up request with event=close"}}
[debug] [2025-01-11T12:29:49.005Z] [work-queue] {"queuedWork":[],"queueLength":0,"runningWork":[],"workRunningCount":0}
[debug] [2025-01-11T14:28:11.453Z] [work-queue] {"queuedWork":["/kaizen-cmp/us-central1/getFriendPreviewById-2025-01-11T14:28:11.449Z"],"queueLength":1,"runningWork":[],"workRunningCount":0}
[debug] [2025-01-11T14:28:11.456Z] [work-queue] {"queuedWork":[],"queueLength":0,"runningWork":["/kaizen-cmp/us-central1/getFriendPreviewById-2025-01-11T14:28:11.449Z"],"workRunningCount":1}
[debug] [2025-01-11T14:28:11.456Z] Accepted request GET /kaizen-cmp/us-central1/getFriendPreviewById?id=auMhg28B20Y26ZpPVMipHUjso7w2 --> us-central1-getFriendPreviewById
[debug] [2025-01-11T14:28:11.482Z] [functions] Runtime ready! Sending request! {"metadata":{"emulator":{"name":"functions"},"message":"[functions] Runtime ready! Sending request!"}}
[debug] [2025-01-11T14:28:11.483Z] [functions] Got req.url=/kaizen-cmp/us-central1/getFriendPreviewById?id=auMhg28B20Y26ZpPVMipHUjso7w2, mapping to path=/?id=auMhg28B20Y26ZpPVMipHUjso7w2 {"metadata":{"emulator":{"name":"functions"},"message":"[functions] Got req.url=/kaizen-cmp/us-central1/getFriendPreviewById?id=auMhg28B20Y26ZpPVMipHUjso7w2, mapping to path=/?id=auMhg28B20Y26ZpPVMipHUjso7w2"}}
[debug] [2025-01-11T14:28:11.485Z] [worker-pool] submitRequest(triggerId=us-central1-getFriendPreviewById) {"metadata":{"emulator":{"name":"functions"},"message":"[worker-pool] submitRequest(triggerId=us-central1-getFriendPreviewById)"}}
[info] i  functions: Beginning execution of "us-central1-getFriendPreviewById" {"metadata":{"emulator":{"name":"functions"},"function":{"name":"us-central1-getFriendPreviewById"},"extension":{},"message":"Beginning execution of \"us-central1-getFriendPreviewById\""}}
[debug] [2025-01-11T14:28:11.489Z] [worker-us-central1-getFriendPreviewById-8b4ab5f5-79ab-4df2-9624-c777d366a242]: BUSY {"metadata":{"emulator":{"name":"functions"},"function":{"name":"us-central1-getFriendPreviewById"},"extension":{},"message":"[worker-us-central1-getFriendPreviewById-8b4ab5f5-79ab-4df2-9624-c777d366a242]: BUSY"}}
[debug] [2025-01-11T14:28:11.764Z] Finishing up request with event=pause {"metadata":{"emulator":{"name":"functions"},"function":{"name":"us-central1-getFriendPreviewById"},"extension":{},"message":"Finishing up request with event=pause"}}
[info] i  functions: Finished "us-central1-getFriendPreviewById" in 275.215166ms {"metadata":{"emulator":{"name":"functions"},"function":{"name":"us-central1-getFriendPreviewById"},"extension":{},"message":"Finished \"us-central1-getFriendPreviewById\" in 275.215166ms"}}
[debug] [2025-01-11T14:28:11.765Z] [worker-us-central1-getFriendPreviewById-8b4ab5f5-79ab-4df2-9624-c777d366a242]: IDLE {"metadata":{"emulator":{"name":"functions"},"function":{"name":"us-central1-getFriendPreviewById"},"extension":{},"message":"[worker-us-central1-getFriendPreviewById-8b4ab5f5-79ab-4df2-9624-c777d366a242]: IDLE"}}
[debug] [2025-01-11T14:28:11.765Z] Finishing up request with event=finish {"metadata":{"emulator":{"name":"functions"},"function":{"name":"us-central1-getFriendPreviewById"},"extension":{},"message":"Finishing up request with event=finish"}}
[debug] [2025-01-11T14:28:11.765Z] Finishing up request with event=close {"metadata":{"emulator":{"name":"functions"},"function":{"name":"us-central1-getFriendPreviewById"},"extension":{},"message":"Finishing up request with event=close"}}
[debug] [2025-01-11T14:28:11.765Z] [work-queue] {"queuedWork":[],"queueLength":0,"runningWork":[],"workRunningCount":0}
[debug] [2025-01-11T14:30:29.824Z] [work-queue] {"queuedWork":["/kaizen-cmp/us-central1/getFriendPreviewById-2025-01-11T14:30:29.823Z"],"queueLength":1,"runningWork":[],"workRunningCount":0}
[debug] [2025-01-11T14:30:29.825Z] [work-queue] {"queuedWork":[],"queueLength":0,"runningWork":["/kaizen-cmp/us-central1/getFriendPreviewById-2025-01-11T14:30:29.823Z"],"workRunningCount":1}
[debug] [2025-01-11T14:30:29.825Z] Accepted request GET /kaizen-cmp/us-central1/getFriendPreviewById?id=auMhg28B20Y26ZpPVMipHUjso7w2 --> us-central1-getFriendPreviewById
[debug] [2025-01-11T14:30:29.829Z] [functions] Runtime ready! Sending request! {"metadata":{"emulator":{"name":"functions"},"message":"[functions] Runtime ready! Sending request!"}}
[debug] [2025-01-11T14:30:29.830Z] [functions] Got req.url=/kaizen-cmp/us-central1/getFriendPreviewById?id=auMhg28B20Y26ZpPVMipHUjso7w2, mapping to path=/?id=auMhg28B20Y26ZpPVMipHUjso7w2 {"metadata":{"emulator":{"name":"functions"},"message":"[functions] Got req.url=/kaizen-cmp/us-central1/getFriendPreviewById?id=auMhg28B20Y26ZpPVMipHUjso7w2, mapping to path=/?id=auMhg28B20Y26ZpPVMipHUjso7w2"}}
[debug] [2025-01-11T14:30:29.830Z] [worker-pool] submitRequest(triggerId=us-central1-getFriendPreviewById) {"metadata":{"emulator":{"name":"functions"},"message":"[worker-pool] submitRequest(triggerId=us-central1-getFriendPreviewById)"}}
[info] i  functions: Beginning execution of "us-central1-getFriendPreviewById" {"metadata":{"emulator":{"name":"functions"},"function":{"name":"us-central1-getFriendPreviewById"},"extension":{},"message":"Beginning execution of \"us-central1-getFriendPreviewById\""}}
[debug] [2025-01-11T14:30:29.831Z] [worker-us-central1-getFriendPreviewById-8b4ab5f5-79ab-4df2-9624-c777d366a242]: BUSY {"metadata":{"emulator":{"name":"functions"},"function":{"name":"us-central1-getFriendPreviewById"},"extension":{},"message":"[worker-us-central1-getFriendPreviewById-8b4ab5f5-79ab-4df2-9624-c777d366a242]: BUSY"}}
[debug] [2025-01-11T14:30:29.924Z] Finishing up request with event=pause {"metadata":{"emulator":{"name":"functions"},"function":{"name":"us-central1-getFriendPreviewById"},"extension":{},"message":"Finishing up request with event=pause"}}
[info] i  functions: Finished "us-central1-getFriendPreviewById" in 93.510833ms {"metadata":{"emulator":{"name":"functions"},"function":{"name":"us-central1-getFriendPreviewById"},"extension":{},"message":"Finished \"us-central1-getFriendPreviewById\" in 93.510833ms"}}
[debug] [2025-01-11T14:30:29.925Z] [worker-us-central1-getFriendPreviewById-8b4ab5f5-79ab-4df2-9624-c777d366a242]: IDLE {"metadata":{"emulator":{"name":"functions"},"function":{"name":"us-central1-getFriendPreviewById"},"extension":{},"message":"[worker-us-central1-getFriendPreviewById-8b4ab5f5-79ab-4df2-9624-c777d366a242]: IDLE"}}
[debug] [2025-01-11T14:30:29.925Z] Finishing up request with event=finish {"metadata":{"emulator":{"name":"functions"},"function":{"name":"us-central1-getFriendPreviewById"},"extension":{},"message":"Finishing up request with event=finish"}}
[debug] [2025-01-11T14:30:29.925Z] Finishing up request with event=close {"metadata":{"emulator":{"name":"functions"},"function":{"name":"us-central1-getFriendPreviewById"},"extension":{},"message":"Finishing up request with event=close"}}
[debug] [2025-01-11T14:30:29.925Z] [work-queue] {"queuedWork":[],"queueLength":0,"runningWork":[],"workRunningCount":0}
