[debug] [2025-01-27T22:09:50.070Z] ----------------------------------------------------------------------
[debug] [2025-01-27T22:09:50.075Z] Command:       /Users/anthonymamode/.nvm/versions/node/v20.3.1/bin/node /Users/anthonymamode/.nvm/versions/node/v20.3.1/bin/firebase deploy --only functions
[debug] [2025-01-27T22:09:50.075Z] CLI Version:   13.29.1
[debug] [2025-01-27T22:09:50.075Z] Platform:      darwin
[debug] [2025-01-27T22:09:50.075Z] Node Version:  v20.3.1
[debug] [2025-01-27T22:09:50.075Z] Time:          Mon Jan 27 2025 23:09:50 GMT+0100 (Central European Standard Time)
[debug] [2025-01-27T22:09:50.076Z] ----------------------------------------------------------------------
[debug] 
[debug] [2025-01-27T22:09:50.127Z] > command requires scopes: ["email","openid","https://www.googleapis.com/auth/cloudplatformprojects.readonly","https://www.googleapis.com/auth/firebase","https://www.googleapis.com/auth/cloud-platform"]
[debug] [2025-01-27T22:09:50.128Z] > authorizing via signed-in user (anthony.mamode@gmail.com)
[debug] [2025-01-27T22:09:50.128Z] [iam] checking project kaizen-cmp for permissions ["cloudfunctions.functions.create","cloudfunctions.functions.delete","cloudfunctions.functions.get","cloudfunctions.functions.list","cloudfunctions.functions.update","cloudfunctions.operations.get","firebase.projects.get"]
[debug] [2025-01-27T22:09:50.128Z] Checked if tokens are valid: true, expires at: 1738018850196
[debug] [2025-01-27T22:09:50.129Z] Checked if tokens are valid: true, expires at: 1738018850196
[debug] [2025-01-27T22:09:50.129Z] >>> [apiv2][query] POST https://cloudresourcemanager.googleapis.com/v1/projects/kaizen-cmp:testIamPermissions [none]
[debug] [2025-01-27T22:09:50.130Z] >>> [apiv2][(partial)header] POST https://cloudresourcemanager.googleapis.com/v1/projects/kaizen-cmp:testIamPermissions x-goog-quota-user=projects/kaizen-cmp
[debug] [2025-01-27T22:09:50.130Z] >>> [apiv2][body] POST https://cloudresourcemanager.googleapis.com/v1/projects/kaizen-cmp:testIamPermissions {"permissions":["cloudfunctions.functions.create","cloudfunctions.functions.delete","cloudfunctions.functions.get","cloudfunctions.functions.list","cloudfunctions.functions.update","cloudfunctions.operations.get","firebase.projects.get"]}
[debug] [2025-01-27T22:09:50.942Z] <<< [apiv2][status] POST https://cloudresourcemanager.googleapis.com/v1/projects/kaizen-cmp:testIamPermissions 200
[debug] [2025-01-27T22:09:50.943Z] <<< [apiv2][body] POST https://cloudresourcemanager.googleapis.com/v1/projects/kaizen-cmp:testIamPermissions {"permissions":["cloudfunctions.functions.create","cloudfunctions.functions.delete","cloudfunctions.functions.get","cloudfunctions.functions.list","cloudfunctions.functions.update","cloudfunctions.operations.get","firebase.projects.get"]}
[debug] [2025-01-27T22:09:50.943Z] Checked if tokens are valid: true, expires at: 1738018850196
[debug] [2025-01-27T22:09:50.943Z] Checked if tokens are valid: true, expires at: 1738018850196
[debug] [2025-01-27T22:09:50.943Z] >>> [apiv2][query] POST https://iam.googleapis.com/v1/projects/kaizen-cmp/serviceAccounts/kaizen-cmp@appspot.gserviceaccount.com:testIamPermissions [none]
[debug] [2025-01-27T22:09:50.943Z] >>> [apiv2][body] POST https://iam.googleapis.com/v1/projects/kaizen-cmp/serviceAccounts/kaizen-cmp@appspot.gserviceaccount.com:testIamPermissions {"permissions":["iam.serviceAccounts.actAs"]}
[debug] [2025-01-27T22:09:51.633Z] <<< [apiv2][status] POST https://iam.googleapis.com/v1/projects/kaizen-cmp/serviceAccounts/kaizen-cmp@appspot.gserviceaccount.com:testIamPermissions 200
[debug] [2025-01-27T22:09:51.634Z] <<< [apiv2][body] POST https://iam.googleapis.com/v1/projects/kaizen-cmp/serviceAccounts/kaizen-cmp@appspot.gserviceaccount.com:testIamPermissions {"permissions":["iam.serviceAccounts.actAs"]}
[info] 
[info] === Deploying to 'kaizen-cmp'...
[info] 
[info] i  deploying functions 
[info] Running command: npm --prefix "$RESOURCE_DIR" run build
[info] ✔  functions: Finished running predeploy script. 
[debug] [2025-01-27T22:09:56.176Z] Checked if tokens are valid: true, expires at: 1738018850196
[debug] [2025-01-27T22:09:56.176Z] Checked if tokens are valid: true, expires at: 1738018850196
[debug] [2025-01-27T22:09:56.176Z] >>> [apiv2][query] GET https://cloudresourcemanager.googleapis.com/v1/projects/kaizen-cmp [none]
[debug] [2025-01-27T22:09:56.851Z] <<< [apiv2][status] GET https://cloudresourcemanager.googleapis.com/v1/projects/kaizen-cmp 200
[debug] [2025-01-27T22:09:56.851Z] <<< [apiv2][body] GET https://cloudresourcemanager.googleapis.com/v1/projects/kaizen-cmp {"projectNumber":"1087432737670","projectId":"kaizen-cmp","lifecycleState":"ACTIVE","name":"Kaizen-cmp","labels":{"firebase":"enabled","firebase-core":"disabled"},"createTime":"2024-12-14T21:09:53.572212Z"}
[info] i  functions: preparing codebase default for deployment 
[info] i  functions: ensuring required API cloudfunctions.googleapis.com is enabled... 
[debug] [2025-01-27T22:09:56.852Z] Checked if tokens are valid: true, expires at: 1738018850196
[debug] [2025-01-27T22:09:56.852Z] Checked if tokens are valid: true, expires at: 1738018850196
[debug] [2025-01-27T22:09:56.852Z] Checked if tokens are valid: true, expires at: 1738018850196
[debug] [2025-01-27T22:09:56.852Z] Checked if tokens are valid: true, expires at: 1738018850196
[info] i  functions: ensuring required API cloudbuild.googleapis.com is enabled... 
[debug] [2025-01-27T22:09:56.853Z] Checked if tokens are valid: true, expires at: 1738018850196
[debug] [2025-01-27T22:09:56.853Z] Checked if tokens are valid: true, expires at: 1738018850196
[info] i  artifactregistry: ensuring required API artifactregistry.googleapis.com is enabled... 
[debug] [2025-01-27T22:09:56.853Z] Checked if tokens are valid: true, expires at: 1738018850196
[debug] [2025-01-27T22:09:56.853Z] Checked if tokens are valid: true, expires at: 1738018850196
[debug] [2025-01-27T22:09:56.853Z] >>> [apiv2][query] GET https://serviceusage.googleapis.com/v1/projects/kaizen-cmp/services/cloudfunctions.googleapis.com [none]
[debug] [2025-01-27T22:09:56.853Z] >>> [apiv2][(partial)header] GET https://serviceusage.googleapis.com/v1/projects/kaizen-cmp/services/cloudfunctions.googleapis.com x-goog-quota-user=projects/kaizen-cmp
[debug] [2025-01-27T22:09:56.854Z] >>> [apiv2][query] GET https://serviceusage.googleapis.com/v1/projects/kaizen-cmp/services/runtimeconfig.googleapis.com [none]
[debug] [2025-01-27T22:09:56.854Z] >>> [apiv2][(partial)header] GET https://serviceusage.googleapis.com/v1/projects/kaizen-cmp/services/runtimeconfig.googleapis.com x-goog-quota-user=projects/kaizen-cmp
[debug] [2025-01-27T22:09:56.854Z] >>> [apiv2][query] GET https://serviceusage.googleapis.com/v1/projects/kaizen-cmp/services/cloudbuild.googleapis.com [none]
[debug] [2025-01-27T22:09:56.854Z] >>> [apiv2][(partial)header] GET https://serviceusage.googleapis.com/v1/projects/kaizen-cmp/services/cloudbuild.googleapis.com x-goog-quota-user=projects/kaizen-cmp
[debug] [2025-01-27T22:09:56.855Z] >>> [apiv2][query] GET https://serviceusage.googleapis.com/v1/projects/kaizen-cmp/services/artifactregistry.googleapis.com [none]
[debug] [2025-01-27T22:09:56.855Z] >>> [apiv2][(partial)header] GET https://serviceusage.googleapis.com/v1/projects/kaizen-cmp/services/artifactregistry.googleapis.com x-goog-quota-user=projects/kaizen-cmp
[debug] [2025-01-27T22:09:57.815Z] <<< [apiv2][status] GET https://serviceusage.googleapis.com/v1/projects/kaizen-cmp/services/runtimeconfig.googleapis.com 200
[debug] [2025-01-27T22:09:57.815Z] <<< [apiv2][body] GET https://serviceusage.googleapis.com/v1/projects/kaizen-cmp/services/runtimeconfig.googleapis.com [omitted]
[debug] [2025-01-27T22:09:57.816Z] <<< [apiv2][status] GET https://serviceusage.googleapis.com/v1/projects/kaizen-cmp/services/cloudfunctions.googleapis.com 200
[debug] [2025-01-27T22:09:57.816Z] <<< [apiv2][body] GET https://serviceusage.googleapis.com/v1/projects/kaizen-cmp/services/cloudfunctions.googleapis.com [omitted]
[info] ✔  functions: required API cloudfunctions.googleapis.com is enabled 
[debug] [2025-01-27T22:09:57.818Z] <<< [apiv2][status] GET https://serviceusage.googleapis.com/v1/projects/kaizen-cmp/services/artifactregistry.googleapis.com 200
[debug] [2025-01-27T22:09:57.818Z] <<< [apiv2][body] GET https://serviceusage.googleapis.com/v1/projects/kaizen-cmp/services/artifactregistry.googleapis.com [omitted]
[info] ✔  artifactregistry: required API artifactregistry.googleapis.com is enabled 
[debug] [2025-01-27T22:09:57.819Z] <<< [apiv2][status] GET https://serviceusage.googleapis.com/v1/projects/kaizen-cmp/services/cloudbuild.googleapis.com 200
[debug] [2025-01-27T22:09:57.819Z] <<< [apiv2][body] GET https://serviceusage.googleapis.com/v1/projects/kaizen-cmp/services/cloudbuild.googleapis.com [omitted]
[info] ✔  functions: required API cloudbuild.googleapis.com is enabled 
[debug] [2025-01-27T22:09:57.820Z] Checked if tokens are valid: true, expires at: 1738018850196
[debug] [2025-01-27T22:09:57.820Z] Checked if tokens are valid: true, expires at: 1738018850196
[debug] [2025-01-27T22:09:57.820Z] >>> [apiv2][query] GET https://firebase.googleapis.com/v1beta1/projects/kaizen-cmp/adminSdkConfig [none]
[debug] [2025-01-27T22:09:58.213Z] <<< [apiv2][status] GET https://firebase.googleapis.com/v1beta1/projects/kaizen-cmp/adminSdkConfig 200
[debug] [2025-01-27T22:09:58.214Z] <<< [apiv2][body] GET https://firebase.googleapis.com/v1beta1/projects/kaizen-cmp/adminSdkConfig {"projectId":"kaizen-cmp","storageBucket":"kaizen-cmp.firebasestorage.app"}
[debug] [2025-01-27T22:09:58.215Z] Checked if tokens are valid: true, expires at: 1738018850196
[debug] [2025-01-27T22:09:58.216Z] Checked if tokens are valid: true, expires at: 1738018850196
[debug] [2025-01-27T22:09:58.216Z] >>> [apiv2][query] GET https://runtimeconfig.googleapis.com/v1beta1/projects/kaizen-cmp/configs [none]
[debug] [2025-01-27T22:09:58.624Z] <<< [apiv2][status] GET https://runtimeconfig.googleapis.com/v1beta1/projects/kaizen-cmp/configs 200
[debug] [2025-01-27T22:09:58.624Z] <<< [apiv2][body] GET https://runtimeconfig.googleapis.com/v1beta1/projects/kaizen-cmp/configs {}
[debug] [2025-01-27T22:09:58.626Z] Validating nodejs source
[warn] ⚠  functions: package.json indicates an outdated version of firebase-functions. Please upgrade using npm install --save firebase-functions@latest in your functions directory. 
[debug] [2025-01-27T22:09:59.110Z] > [functions] package.json contents: {
  "name": "functions",
  "scripts": {
    "build": "tsc",
    "build:watch": "tsc --watch",
    "serve": "npm run build && firebase emulators:start --only functions",
    "shell": "npm run build && firebase functions:shell",
    "start": "npm run shell",
    "deploy": "firebase deploy --only functions",
    "logs": "firebase functions:log"
  },
  "engines": {
    "node": "18"
  },
  "main": "lib/index.js",
  "dependencies": {
    "firebase-admin": "^12.6.0",
    "firebase-functions": "^6.1.1",
    "sinon": "^19.0.2"
  },
  "devDependencies": {
    "typescript": "^5.3.3",
    "firebase-functions-test": "^3.3.0",
    "@firebase/testing": "^0.20.11",
    "@types/chai": "^4.3.11",
    "@types/expect": "^24.3.2",
    "@types/mocha": "^10.0.10",
    "@types/sinon": "^17.0.3",
    "@typescript-eslint/eslint-plugin": "^5.12.0",
    "@typescript-eslint/parser": "^5.12.0",
    "chai": "^4.3.10",
    "eslint": "^8.9.0",
    "eslint-config-google": "^0.14.0",
    "eslint-plugin-import": "^2.25.4",
    "mocha": "^10.2.0",
    "ts-node": "^10.9.2",
    "ts-sinon": "^2.0.2"
  },
  "private": true
}
[debug] [2025-01-27T22:09:59.110Z] Building nodejs source
[info] i  functions: Loading and analyzing source code for codebase default to determine what to deploy 
[debug] [2025-01-27T22:09:59.111Z] Could not find functions.yaml. Must use http discovery
[debug] [2025-01-27T22:09:59.116Z] Found firebase-functions binary at '/Users/anthonymamode/AndroidStudioProjects/Kaizen/functions/node_modules/.bin/firebase-functions'
[info] Serving at port 8246

[debug] [2025-01-27T22:09:59.384Z] Got response from /__/functions.yaml {"endpoints":{"checkUserChallengesCron":{"availableMemoryMb":null,"timeoutSeconds":null,"minInstances":null,"maxInstances":null,"ingressSettings":null,"concurrency":null,"serviceAccountEmail":null,"vpc":null,"platform":"gcfv2","labels":{},"scheduleTrigger":{"schedule":"0 4 * * *","retryConfig":{},"timeZone":"Europe/Paris"},"entryPoint":"checkUserChallengesCron"},"createFriendRequest":{"availableMemoryMb":null,"timeoutSeconds":null,"minInstances":null,"maxInstances":null,"ingressSettings":null,"concurrency":null,"serviceAccountEmail":null,"vpc":null,"platform":"gcfv2","labels":{},"callableTrigger":{},"entryPoint":"createFriendRequest"},"deleteUserAccount":{"availableMemoryMb":null,"timeoutSeconds":null,"minInstances":null,"maxInstances":null,"ingressSettings":null,"concurrency":null,"serviceAccountEmail":null,"vpc":null,"platform":"gcfv2","labels":{},"callableTrigger":{},"entryPoint":"deleteUserAccount"},"getFriendRequests":{"availableMemoryMb":null,"timeoutSeconds":null,"minInstances":null,"maxInstances":null,"ingressSettings":null,"concurrency":null,"serviceAccountEmail":null,"vpc":null,"platform":"gcfv2","labels":{},"callableTrigger":{},"entryPoint":"getFriendRequests"},"getFriendSearchPreview":{"availableMemoryMb":null,"timeoutSeconds":null,"minInstances":null,"maxInstances":null,"ingressSettings":null,"concurrency":null,"serviceAccountEmail":null,"vpc":null,"platform":"gcfv2","labels":{},"callableTrigger":{},"entryPoint":"getFriendSearchPreview"},"getFriends":{"availableMemoryMb":null,"timeoutSeconds":null,"minInstances":null,"maxInstances":null,"ingressSettings":null,"concurrency":null,"serviceAccountEmail":null,"vpc":null,"platform":"gcfv2","labels":{},"callableTrigger":{},"entryPoint":"getFriends"},"isUsernameAvailable":{"availableMemoryMb":null,"timeoutSeconds":null,"minInstances":null,"maxInstances":null,"ingressSettings":null,"concurrency":null,"serviceAccountEmail":null,"vpc":null,"platform":"gcfv2","labels":{},"callableTrigger":{},"entryPoint":"isUsernameAvailable"},"toggleFriendAsFavorite":{"availableMemoryMb":null,"timeoutSeconds":null,"minInstances":null,"maxInstances":null,"ingressSettings":null,"concurrency":null,"serviceAccountEmail":null,"vpc":null,"platform":"gcfv2","labels":{},"callableTrigger":{},"entryPoint":"toggleFriendAsFavorite"},"updateFriendRequest":{"availableMemoryMb":null,"timeoutSeconds":null,"minInstances":null,"maxInstances":null,"ingressSettings":null,"concurrency":null,"serviceAccountEmail":null,"vpc":null,"platform":"gcfv2","labels":{},"callableTrigger":{},"entryPoint":"updateFriendRequest"}},"specVersion":"v1alpha1","requiredAPIs":[{"api":"cloudscheduler.googleapis.com","reason":"Needed for scheduled functions."}],"extensions":{}}
[info] i  extensions: ensuring required API firebaseextensions.googleapis.com is enabled... 
[debug] [2025-01-27T22:10:04.405Z] Checked if tokens are valid: true, expires at: 1738018850196
[debug] [2025-01-27T22:10:04.405Z] Checked if tokens are valid: true, expires at: 1738018850196
[debug] [2025-01-27T22:10:04.405Z] >>> [apiv2][query] GET https://serviceusage.googleapis.com/v1/projects/kaizen-cmp/services/firebaseextensions.googleapis.com [none]
[debug] [2025-01-27T22:10:04.405Z] >>> [apiv2][(partial)header] GET https://serviceusage.googleapis.com/v1/projects/kaizen-cmp/services/firebaseextensions.googleapis.com x-goog-quota-user=projects/kaizen-cmp
[debug] [2025-01-27T22:10:05.277Z] <<< [apiv2][status] GET https://serviceusage.googleapis.com/v1/projects/kaizen-cmp/services/firebaseextensions.googleapis.com 200
[debug] [2025-01-27T22:10:05.278Z] <<< [apiv2][body] GET https://serviceusage.googleapis.com/v1/projects/kaizen-cmp/services/firebaseextensions.googleapis.com [omitted]
[info] ✔  extensions: required API firebaseextensions.googleapis.com is enabled 
[debug] [2025-01-27T22:10:05.278Z] > command requires scopes: ["email","openid","https://www.googleapis.com/auth/cloudplatformprojects.readonly","https://www.googleapis.com/auth/firebase","https://www.googleapis.com/auth/cloud-platform"]
[debug] [2025-01-27T22:10:05.279Z] > authorizing via signed-in user (anthony.mamode@gmail.com)
[debug] [2025-01-27T22:10:05.279Z] [iam] checking project kaizen-cmp for permissions ["firebase.projects.get","firebaseextensions.instances.list"]
[debug] [2025-01-27T22:10:05.279Z] Checked if tokens are valid: true, expires at: 1738018850196
[debug] [2025-01-27T22:10:05.279Z] Checked if tokens are valid: true, expires at: 1738018850196
[debug] [2025-01-27T22:10:05.279Z] >>> [apiv2][query] POST https://cloudresourcemanager.googleapis.com/v1/projects/kaizen-cmp:testIamPermissions [none]
[debug] [2025-01-27T22:10:05.279Z] >>> [apiv2][(partial)header] POST https://cloudresourcemanager.googleapis.com/v1/projects/kaizen-cmp:testIamPermissions x-goog-quota-user=projects/kaizen-cmp
[debug] [2025-01-27T22:10:05.279Z] >>> [apiv2][body] POST https://cloudresourcemanager.googleapis.com/v1/projects/kaizen-cmp:testIamPermissions {"permissions":["firebase.projects.get","firebaseextensions.instances.list"]}
[debug] [2025-01-27T22:10:05.993Z] <<< [apiv2][status] POST https://cloudresourcemanager.googleapis.com/v1/projects/kaizen-cmp:testIamPermissions 200
[debug] [2025-01-27T22:10:05.993Z] <<< [apiv2][body] POST https://cloudresourcemanager.googleapis.com/v1/projects/kaizen-cmp:testIamPermissions {"permissions":["firebase.projects.get","firebaseextensions.instances.list"]}
[debug] [2025-01-27T22:10:05.994Z] Checked if tokens are valid: true, expires at: 1738018850196
[debug] [2025-01-27T22:10:05.995Z] Checked if tokens are valid: true, expires at: 1738018850196
[debug] [2025-01-27T22:10:05.997Z] >>> [apiv2][query] GET https://firebaseextensions.googleapis.com/v1beta/projects/kaizen-cmp/instances pageSize=100&pageToken=
[debug] [2025-01-27T22:10:06.814Z] <<< [apiv2][status] GET https://firebaseextensions.googleapis.com/v1beta/projects/kaizen-cmp/instances 200
[debug] [2025-01-27T22:10:06.814Z] <<< [apiv2][body] GET https://firebaseextensions.googleapis.com/v1beta/projects/kaizen-cmp/instances {}
[info] i  functions: preparing functions directory for uploading... 
[info] i  functions: packaged /Users/anthonymamode/AndroidStudioProjects/Kaizen/functions (152.61 KB) for uploading 
[debug] [2025-01-27T22:10:06.888Z] Checked if tokens are valid: true, expires at: 1738018850196
[debug] [2025-01-27T22:10:06.888Z] Checked if tokens are valid: true, expires at: 1738018850196
[debug] [2025-01-27T22:10:06.888Z] >>> [apiv2][query] GET https://cloudfunctions.googleapis.com/v1/projects/kaizen-cmp/locations/-/functions [none]
[debug] [2025-01-27T22:10:07.566Z] <<< [apiv2][status] GET https://cloudfunctions.googleapis.com/v1/projects/kaizen-cmp/locations/-/functions 200
[debug] [2025-01-27T22:10:07.566Z] <<< [apiv2][body] GET https://cloudfunctions.googleapis.com/v1/projects/kaizen-cmp/locations/-/functions {}
[debug] [2025-01-27T22:10:07.566Z] Checked if tokens are valid: true, expires at: 1738018850196
[debug] [2025-01-27T22:10:07.566Z] Checked if tokens are valid: true, expires at: 1738018850196
[debug] [2025-01-27T22:10:07.567Z] >>> [apiv2][query] GET https://cloudfunctions.googleapis.com/v2/projects/kaizen-cmp/locations/-/functions filter=environment%3D%22GEN_2%22
[debug] [2025-01-27T22:10:08.600Z] <<< [apiv2][status] GET https://cloudfunctions.googleapis.com/v2/projects/kaizen-cmp/locations/-/functions 200
[debug] [2025-01-27T22:10:08.601Z] <<< [apiv2][body] GET https://cloudfunctions.googleapis.com/v2/projects/kaizen-cmp/locations/-/functions {"functions":[{"name":"projects/kaizen-cmp/locations/us-central1/functions/createFriendRequest","buildConfig":{"build":"projects/1087432737670/locations/us-central1/builds/da410519-8654-475b-bf5e-0977a94765a5","runtime":"nodejs18","entryPoint":"createFriendRequest","source":{"storageSource":{"bucket":"gcf-v2-sources-1087432737670-us-central1","object":"createFriendRequest/function-source.zip","generation":"1737902017292783"}},"environmentVariables":{"GOOGLE_NODE_RUN_SCRIPTS":""},"dockerRepository":"projects/kaizen-cmp/locations/us-central1/repositories/gcf-artifacts","sourceProvenance":{"resolvedStorageSource":{"bucket":"gcf-v2-sources-1087432737670-us-central1","object":"createFriendRequest/function-source.zip","generation":"1737902017292783"}},"dockerRegistry":"ARTIFACT_REGISTRY","serviceAccount":"projects/kaizen-cmp/serviceAccounts/1087432737670-compute@developer.gserviceaccount.com","automaticUpdatePolicy":{}},"serviceConfig":{"service":"projects/kaizen-cmp/locations/us-central1/services/createfriendrequest","timeoutSeconds":60,"environmentVariables":{"FIREBASE_CONFIG":"{\"projectId\":\"kaizen-cmp\",\"storageBucket\":\"kaizen-cmp.firebasestorage.app\"}","GCLOUD_PROJECT":"kaizen-cmp","EVENTARC_CLOUD_EVENT_SOURCE":"projects/kaizen-cmp/locations/us-central1/services/createFriendRequest","FUNCTION_TARGET":"createFriendRequest","LOG_EXECUTION_ID":"true","FUNCTION_SIGNATURE_TYPE":"http"},"maxInstanceCount":100,"ingressSettings":"ALLOW_ALL","uri":"https://createfriendrequest-eomme3sohq-uc.a.run.app","serviceAccountEmail":"1087432737670-compute@developer.gserviceaccount.com","availableMemory":"256Mi","allTrafficOnLatestRevision":true,"revision":"createfriendrequest-00020-rav","maxInstanceRequestConcurrency":80,"availableCpu":"1"},"state":"ACTIVE","updateTime":"2025-01-26T14:33:45.241295311Z","labels":{"deployment-tool":"cli-firebase","deployment-callable":"true","firebase-functions-hash":"fd2d4ef607c736285c9eca8efc2c63ed4fd1173c"},"environment":"GEN_2","url":"https://us-central1-kaizen-cmp.cloudfunctions.net/createFriendRequest","createTime":"2025-01-13T17:26:01.132113789Z"},{"name":"projects/kaizen-cmp/locations/us-central1/functions/getFriendPreviewById","buildConfig":{"build":"projects/1087432737670/locations/us-central1/builds/da410519-8654-475b-bf5e-0977a94765a5","runtime":"nodejs18","entryPoint":"getFriendPreviewById","source":{"storageSource":{"bucket":"gcf-v2-sources-1087432737670-us-central1","object":"getFriendPreviewById/function-source.zip","generation":"1737902017381678"}},"environmentVariables":{"GOOGLE_NODE_RUN_SCRIPTS":""},"dockerRepository":"projects/kaizen-cmp/locations/us-central1/repositories/gcf-artifacts","sourceProvenance":{"resolvedStorageSource":{"bucket":"gcf-v2-sources-1087432737670-us-central1","object":"getFriendPreviewById/function-source.zip","generation":"1737902017381678"}},"dockerRegistry":"ARTIFACT_REGISTRY","serviceAccount":"projects/kaizen-cmp/serviceAccounts/1087432737670-compute@developer.gserviceaccount.com","automaticUpdatePolicy":{}},"serviceConfig":{"service":"projects/kaizen-cmp/locations/us-central1/services/getfriendpreviewbyid","timeoutSeconds":60,"environmentVariables":{"FIREBASE_CONFIG":"{\"projectId\":\"kaizen-cmp\",\"storageBucket\":\"kaizen-cmp.firebasestorage.app\"}","GCLOUD_PROJECT":"kaizen-cmp","EVENTARC_CLOUD_EVENT_SOURCE":"projects/kaizen-cmp/locations/us-central1/services/getFriendPreviewById","FUNCTION_TARGET":"getFriendPreviewById","LOG_EXECUTION_ID":"true","FUNCTION_SIGNATURE_TYPE":"http"},"maxInstanceCount":100,"ingressSettings":"ALLOW_ALL","uri":"https://getfriendpreviewbyid-eomme3sohq-uc.a.run.app","serviceAccountEmail":"1087432737670-compute@developer.gserviceaccount.com","availableMemory":"256Mi","allTrafficOnLatestRevision":true,"revision":"getfriendpreviewbyid-00018-goc","maxInstanceRequestConcurrency":80,"availableCpu":"1"},"state":"ACTIVE","updateTime":"2025-01-26T14:33:45.523609356Z","labels":{"deployment-tool":"cli-firebase","deployment-callable":"true","firebase-functions-hash":"fd2d4ef607c736285c9eca8efc2c63ed4fd1173c"},"environment":"GEN_2","url":"https://us-central1-kaizen-cmp.cloudfunctions.net/getFriendPreviewById","createTime":"2025-01-13T14:10:35.843463717Z"},{"name":"projects/kaizen-cmp/locations/us-central1/functions/checkUserChallengesCron","buildConfig":{"build":"projects/1087432737670/locations/us-central1/builds/da410519-8654-475b-bf5e-0977a94765a5","runtime":"nodejs18","entryPoint":"checkUserChallengesCron","source":{"storageSource":{"bucket":"gcf-v2-sources-1087432737670-us-central1","object":"checkUserChallengesCron/function-source.zip","generation":"1737901975276194"}},"environmentVariables":{"GOOGLE_NODE_RUN_SCRIPTS":""},"dockerRepository":"projects/kaizen-cmp/locations/us-central1/repositories/gcf-artifacts","sourceProvenance":{"resolvedStorageSource":{"bucket":"gcf-v2-sources-1087432737670-us-central1","object":"checkUserChallengesCron/function-source.zip","generation":"1737901975276194"}},"dockerRegistry":"ARTIFACT_REGISTRY","serviceAccount":"projects/kaizen-cmp/serviceAccounts/1087432737670-compute@developer.gserviceaccount.com","automaticUpdatePolicy":{}},"serviceConfig":{"service":"projects/kaizen-cmp/locations/us-central1/services/checkuserchallengescron","timeoutSeconds":60,"environmentVariables":{"FIREBASE_CONFIG":"{\"projectId\":\"kaizen-cmp\",\"storageBucket\":\"kaizen-cmp.firebasestorage.app\"}","GCLOUD_PROJECT":"kaizen-cmp","EVENTARC_CLOUD_EVENT_SOURCE":"projects/kaizen-cmp/locations/us-central1/services/checkUserChallengesCron","FUNCTION_TARGET":"checkUserChallengesCron","LOG_EXECUTION_ID":"true"},"maxInstanceCount":100,"ingressSettings":"ALLOW_ALL","uri":"https://checkuserchallengescron-eomme3sohq-uc.a.run.app","serviceAccountEmail":"1087432737670-compute@developer.gserviceaccount.com","availableMemory":"256Mi","allTrafficOnLatestRevision":true,"revision":"checkuserchallengescron-00006-nub","maxInstanceRequestConcurrency":80,"availableCpu":"1"},"state":"ACTIVE","updateTime":"2025-01-26T14:33:44.773931583Z","labels":{"deployment-tool":"cli-firebase","deployment-scheduled":"true","firebase-functions-hash":"fd2d4ef607c736285c9eca8efc2c63ed4fd1173c"},"environment":"GEN_2","url":"https://us-central1-kaizen-cmp.cloudfunctions.net/checkUserChallengesCron","createTime":"2025-01-20T19:43:59.774595587Z"},{"name":"projects/kaizen-cmp/locations/us-central1/functions/getFriends","buildConfig":{"build":"projects/1087432737670/locations/us-central1/builds/7279a895-d73b-42d4-b7e3-14980a879519","runtime":"nodejs18","entryPoint":"getFriends","source":{"storageSource":{"bucket":"gcf-v2-sources-1087432737670-us-central1","object":"getFriends/function-source.zip","generation":"1738001401428336"}},"environmentVariables":{"GOOGLE_NODE_RUN_SCRIPTS":""},"dockerRepository":"projects/kaizen-cmp/locations/us-central1/repositories/gcf-artifacts","sourceProvenance":{"resolvedStorageSource":{"bucket":"gcf-v2-sources-1087432737670-us-central1","object":"getFriends/function-source.zip","generation":"1738001401428336"}},"dockerRegistry":"ARTIFACT_REGISTRY","serviceAccount":"projects/kaizen-cmp/serviceAccounts/1087432737670-compute@developer.gserviceaccount.com","automaticUpdatePolicy":{}},"serviceConfig":{"service":"projects/kaizen-cmp/locations/us-central1/services/getfriends","timeoutSeconds":60,"environmentVariables":{"FIREBASE_CONFIG":"{\"projectId\":\"kaizen-cmp\",\"storageBucket\":\"kaizen-cmp.firebasestorage.app\"}","GCLOUD_PROJECT":"kaizen-cmp","EVENTARC_CLOUD_EVENT_SOURCE":"projects/kaizen-cmp/locations/us-central1/services/getFriends","FUNCTION_TARGET":"getFriends","LOG_EXECUTION_ID":"true","FUNCTION_SIGNATURE_TYPE":"http"},"maxInstanceCount":100,"ingressSettings":"ALLOW_ALL","uri":"https://getfriends-eomme3sohq-uc.a.run.app","serviceAccountEmail":"1087432737670-compute@developer.gserviceaccount.com","availableMemory":"256Mi","allTrafficOnLatestRevision":true,"revision":"getfriends-00021-vek","maxInstanceRequestConcurrency":80,"availableCpu":"1"},"state":"ACTIVE","updateTime":"2025-01-27T18:10:49.525505927Z","labels":{"firebase-functions-hash":"b9e21e7fe2c093a9bead0b9cdb9f4484fe9bfa4b","deployment-tool":"cli-firebase","deployment-callable":"true"},"environment":"GEN_2","url":"https://us-central1-kaizen-cmp.cloudfunctions.net/getFriends","createTime":"2025-01-15T01:08:45.488380432Z"},{"name":"projects/kaizen-cmp/locations/us-central1/functions/updateFriendRequest","buildConfig":{"build":"projects/1087432737670/locations/us-central1/builds/da410519-8654-475b-bf5e-0977a94765a5","runtime":"nodejs18","entryPoint":"updateFriendRequest","source":{"storageSource":{"bucket":"gcf-v2-sources-1087432737670-us-central1","object":"updateFriendRequest/function-source.zip","generation":"1737902017315200"}},"environmentVariables":{"GOOGLE_NODE_RUN_SCRIPTS":""},"dockerRepository":"projects/kaizen-cmp/locations/us-central1/repositories/gcf-artifacts","sourceProvenance":{"resolvedStorageSource":{"bucket":"gcf-v2-sources-1087432737670-us-central1","object":"updateFriendRequest/function-source.zip","generation":"1737902017315200"}},"dockerRegistry":"ARTIFACT_REGISTRY","serviceAccount":"projects/kaizen-cmp/serviceAccounts/1087432737670-compute@developer.gserviceaccount.com","automaticUpdatePolicy":{}},"serviceConfig":{"service":"projects/kaizen-cmp/locations/us-central1/services/updatefriendrequest","timeoutSeconds":60,"environmentVariables":{"FIREBASE_CONFIG":"{\"projectId\":\"kaizen-cmp\",\"storageBucket\":\"kaizen-cmp.firebasestorage.app\"}","GCLOUD_PROJECT":"kaizen-cmp","EVENTARC_CLOUD_EVENT_SOURCE":"projects/kaizen-cmp/locations/us-central1/services/updateFriendRequest","FUNCTION_TARGET":"updateFriendRequest","LOG_EXECUTION_ID":"true","FUNCTION_SIGNATURE_TYPE":"http"},"maxInstanceCount":100,"ingressSettings":"ALLOW_ALL","uri":"https://updatefriendrequest-eomme3sohq-uc.a.run.app","serviceAccountEmail":"1087432737670-compute@developer.gserviceaccount.com","availableMemory":"256Mi","allTrafficOnLatestRevision":true,"revision":"updatefriendrequest-00013-kon","maxInstanceRequestConcurrency":80,"availableCpu":"1"},"state":"ACTIVE","updateTime":"2025-01-26T14:33:45.241214197Z","labels":{"firebase-functions-hash":"fd2d4ef607c736285c9eca8efc2c63ed4fd1173c","deployment-tool":"cli-firebase","deployment-callable":"true"},"environment":"GEN_2","url":"https://us-central1-kaizen-cmp.cloudfunctions.net/updateFriendRequest","createTime":"2025-01-14T21:02:55.684509928Z"},{"name":"projects/kaizen-cmp/locations/us-central1/functions/getFriendRequests","buildConfig":{"build":"projects/1087432737670/locations/us-central1/builds/da410519-8654-475b-bf5e-0977a94765a5","runtime":"nodejs18","entryPoint":"getFriendRequests","source":{"storageSource":{"bucket":"gcf-v2-sources-1087432737670-us-central1","object":"getFriendRequests/function-source.zip","generation":"1737902017407493"}},"environmentVariables":{"GOOGLE_NODE_RUN_SCRIPTS":""},"dockerRepository":"projects/kaizen-cmp/locations/us-central1/repositories/gcf-artifacts","sourceProvenance":{"resolvedStorageSource":{"bucket":"gcf-v2-sources-1087432737670-us-central1","object":"getFriendRequests/function-source.zip","generation":"1737902017407493"}},"dockerRegistry":"ARTIFACT_REGISTRY","serviceAccount":"projects/kaizen-cmp/serviceAccounts/1087432737670-compute@developer.gserviceaccount.com","automaticUpdatePolicy":{}},"serviceConfig":{"service":"projects/kaizen-cmp/locations/us-central1/services/getfriendrequests","timeoutSeconds":60,"environmentVariables":{"FIREBASE_CONFIG":"{\"projectId\":\"kaizen-cmp\",\"storageBucket\":\"kaizen-cmp.firebasestorage.app\"}","GCLOUD_PROJECT":"kaizen-cmp","EVENTARC_CLOUD_EVENT_SOURCE":"projects/kaizen-cmp/locations/us-central1/services/getFriendRequests","FUNCTION_TARGET":"getFriendRequests","LOG_EXECUTION_ID":"true","FUNCTION_SIGNATURE_TYPE":"http"},"maxInstanceCount":100,"ingressSettings":"ALLOW_ALL","uri":"https://getfriendrequests-eomme3sohq-uc.a.run.app","serviceAccountEmail":"1087432737670-compute@developer.gserviceaccount.com","availableMemory":"256Mi","allTrafficOnLatestRevision":true,"revision":"getfriendrequests-00013-mag","maxInstanceRequestConcurrency":80,"availableCpu":"1"},"state":"ACTIVE","updateTime":"2025-01-26T14:33:45.707796036Z","labels":{"deployment-callable":"true","firebase-functions-hash":"fd2d4ef607c736285c9eca8efc2c63ed4fd1173c","deployment-tool":"cli-firebase"},"environment":"GEN_2","url":"https://us-central1-kaizen-cmp.cloudfunctions.net/getFriendRequests","createTime":"2025-01-14T16:17:09.851038532Z"},{"name":"projects/kaizen-cmp/locations/us-central1/functions/isUsernameAvailable","buildConfig":{"build":"projects/1087432737670/locations/us-central1/builds/da410519-8654-475b-bf5e-0977a94765a5","runtime":"nodejs18","entryPoint":"isUsernameAvailable","source":{"storageSource":{"bucket":"gcf-v2-sources-1087432737670-us-central1","object":"isUsernameAvailable/function-source.zip","generation":"1737902017322428"}},"environmentVariables":{"GOOGLE_NODE_RUN_SCRIPTS":""},"dockerRepository":"projects/kaizen-cmp/locations/us-central1/repositories/gcf-artifacts","sourceProvenance":{"resolvedStorageSource":{"bucket":"gcf-v2-sources-1087432737670-us-central1","object":"isUsernameAvailable/function-source.zip","generation":"1737902017322428"}},"dockerRegistry":"ARTIFACT_REGISTRY","serviceAccount":"projects/kaizen-cmp/serviceAccounts/1087432737670-compute@developer.gserviceaccount.com","automaticUpdatePolicy":{}},"serviceConfig":{"service":"projects/kaizen-cmp/locations/us-central1/services/isusernameavailable","timeoutSeconds":60,"environmentVariables":{"FIREBASE_CONFIG":"{\"projectId\":\"kaizen-cmp\",\"storageBucket\":\"kaizen-cmp.firebasestorage.app\"}","GCLOUD_PROJECT":"kaizen-cmp","EVENTARC_CLOUD_EVENT_SOURCE":"projects/kaizen-cmp/locations/us-central1/services/isUsernameAvailable","FUNCTION_TARGET":"isUsernameAvailable","LOG_EXECUTION_ID":"true","FUNCTION_SIGNATURE_TYPE":"http"},"maxInstanceCount":100,"ingressSettings":"ALLOW_ALL","uri":"https://isusernameavailable-eomme3sohq-uc.a.run.app","serviceAccountEmail":"1087432737670-compute@developer.gserviceaccount.com","availableMemory":"256Mi","allTrafficOnLatestRevision":true,"revision":"isusernameavailable-00010-cav","maxInstanceRequestConcurrency":80,"availableCpu":"1"},"state":"ACTIVE","updateTime":"2025-01-26T14:33:45.186808196Z","labels":{"deployment-tool":"cli-firebase","deployment-callable":"true","firebase-functions-hash":"fd2d4ef607c736285c9eca8efc2c63ed4fd1173c"},"environment":"GEN_2","url":"https://us-central1-kaizen-cmp.cloudfunctions.net/isUsernameAvailable","createTime":"2025-01-15T14:28:09.043761529Z"},{"name":"projects/kaizen-cmp/locations/us-central1/functions/getFriendSearchPreview","buildConfig":{"build":"projects/1087432737670/locations/us-central1/builds/c9ad9146-1e48-434d-9d4e-561614233f4e","runtime":"nodejs18","entryPoint":"getFriendSearchPreview","source":{"storageSource":{"bucket":"gcf-v2-sources-1087432737670-us-central1","object":"getFriendSearchPreview/function-source.zip","generation":"1738015275521248"}},"environmentVariables":{"GOOGLE_NODE_RUN_SCRIPTS":""},"dockerRepository":"projects/kaizen-cmp/locations/us-central1/repositories/gcf-artifacts","sourceProvenance":{"resolvedStorageSource":{"bucket":"gcf-v2-sources-1087432737670-us-central1","object":"getFriendSearchPreview/function-source.zip","generation":"1738015275521248"}},"dockerRegistry":"ARTIFACT_REGISTRY","serviceAccount":"projects/kaizen-cmp/serviceAccounts/1087432737670-compute@developer.gserviceaccount.com","automaticUpdatePolicy":{}},"serviceConfig":{"service":"projects/kaizen-cmp/locations/us-central1/services/getfriendsearchpreview","timeoutSeconds":60,"environmentVariables":{"FIREBASE_CONFIG":"{\"projectId\":\"kaizen-cmp\",\"storageBucket\":\"kaizen-cmp.firebasestorage.app\"}","GCLOUD_PROJECT":"kaizen-cmp","EVENTARC_CLOUD_EVENT_SOURCE":"projects/kaizen-cmp/locations/us-central1/services/getFriendSearchPreview","FUNCTION_TARGET":"getFriendSearchPreview","LOG_EXECUTION_ID":"true"},"maxInstanceCount":100,"ingressSettings":"ALLOW_ALL","uri":"https://getfriendsearchpreview-eomme3sohq-uc.a.run.app","serviceAccountEmail":"1087432737670-compute@developer.gserviceaccount.com","availableMemory":"256Mi","allTrafficOnLatestRevision":true,"revision":"getfriendsearchpreview-00001-nuk","maxInstanceRequestConcurrency":80,"availableCpu":"1"},"state":"ACTIVE","updateTime":"2025-01-27T22:02:19.096074690Z","labels":{"deployment-tool":"cli-firebase","deployment-callable":"true","firebase-functions-hash":"df601f97530c3ea153b41ca268288c3fee437229"},"environment":"GEN_2","url":"https://us-central1-kaizen-cmp.cloudfunctions.net/getFriendSearchPreview","createTime":"2025-01-27T22:01:15.793855526Z"},{"name":"projects/kaizen-cmp/locations/us-central1/functions/deleteUserAccount","buildConfig":{"build":"projects/1087432737670/locations/us-central1/builds/da410519-8654-475b-bf5e-0977a94765a5","runtime":"nodejs18","entryPoint":"deleteUserAccount","source":{"storageSource":{"bucket":"gcf-v2-sources-1087432737670-us-central1","object":"deleteUserAccount/function-source.zip","generation":"1737902017391961"}},"environmentVariables":{"GOOGLE_NODE_RUN_SCRIPTS":""},"dockerRepository":"projects/kaizen-cmp/locations/us-central1/repositories/gcf-artifacts","sourceProvenance":{"resolvedStorageSource":{"bucket":"gcf-v2-sources-1087432737670-us-central1","object":"deleteUserAccount/function-source.zip","generation":"1737902017391961"}},"dockerRegistry":"ARTIFACT_REGISTRY","serviceAccount":"projects/kaizen-cmp/serviceAccounts/1087432737670-compute@developer.gserviceaccount.com","automaticUpdatePolicy":{}},"serviceConfig":{"service":"projects/kaizen-cmp/locations/us-central1/services/deleteuseraccount","timeoutSeconds":60,"environmentVariables":{"FIREBASE_CONFIG":"{\"projectId\":\"kaizen-cmp\",\"storageBucket\":\"kaizen-cmp.firebasestorage.app\"}","GCLOUD_PROJECT":"kaizen-cmp","EVENTARC_CLOUD_EVENT_SOURCE":"projects/kaizen-cmp/locations/us-central1/services/deleteUserAccount","FUNCTION_TARGET":"deleteUserAccount","LOG_EXECUTION_ID":"true","FUNCTION_SIGNATURE_TYPE":"http"},"maxInstanceCount":100,"ingressSettings":"ALLOW_ALL","uri":"https://deleteuseraccount-eomme3sohq-uc.a.run.app","serviceAccountEmail":"1087432737670-compute@developer.gserviceaccount.com","availableMemory":"256Mi","allTrafficOnLatestRevision":true,"revision":"deleteuseraccount-00011-yop","maxInstanceRequestConcurrency":80,"availableCpu":"1"},"state":"ACTIVE","updateTime":"2025-01-26T14:33:46.048302877Z","labels":{"deployment-callable":"true","firebase-functions-hash":"fd2d4ef607c736285c9eca8efc2c63ed4fd1173c","deployment-tool":"cli-firebase"},"environment":"GEN_2","url":"https://us-central1-kaizen-cmp.cloudfunctions.net/deleteUserAccount","createTime":"2025-01-15T17:09:03.596970365Z"},{"name":"projects/kaizen-cmp/locations/us-central1/functions/toggleFriendAsFavorite","buildConfig":{"build":"projects/1087432737670/locations/us-central1/builds/f4e4cf95-9949-40b8-8a08-6016bbaa5256","runtime":"nodejs18","entryPoint":"toggleFriendAsFavorite","source":{"storageSource":{"bucket":"gcf-v2-sources-1087432737670-us-central1","object":"toggleFriendAsFavorite/function-source.zip","generation":"1737996856785872"}},"environmentVariables":{"GOOGLE_NODE_RUN_SCRIPTS":""},"dockerRepository":"projects/kaizen-cmp/locations/us-central1/repositories/gcf-artifacts","sourceProvenance":{"resolvedStorageSource":{"bucket":"gcf-v2-sources-1087432737670-us-central1","object":"toggleFriendAsFavorite/function-source.zip","generation":"1737996856785872"}},"dockerRegistry":"ARTIFACT_REGISTRY","serviceAccount":"projects/kaizen-cmp/serviceAccounts/1087432737670-compute@developer.gserviceaccount.com","automaticUpdatePolicy":{}},"serviceConfig":{"service":"projects/kaizen-cmp/locations/us-central1/services/togglefriendasfavorite","timeoutSeconds":60,"environmentVariables":{"FIREBASE_CONFIG":"{\"projectId\":\"kaizen-cmp\",\"storageBucket\":\"kaizen-cmp.firebasestorage.app\"}","GCLOUD_PROJECT":"kaizen-cmp","EVENTARC_CLOUD_EVENT_SOURCE":"projects/kaizen-cmp/locations/us-central1/services/toggleFriendAsFavorite","FUNCTION_TARGET":"toggleFriendAsFavorite","LOG_EXECUTION_ID":"true"},"maxInstanceCount":100,"ingressSettings":"ALLOW_ALL","uri":"https://togglefriendasfavorite-eomme3sohq-uc.a.run.app","serviceAccountEmail":"1087432737670-compute@developer.gserviceaccount.com","availableMemory":"256Mi","allTrafficOnLatestRevision":true,"revision":"togglefriendasfavorite-00001-vep","maxInstanceRequestConcurrency":80,"availableCpu":"1"},"state":"ACTIVE","updateTime":"2025-01-27T16:55:22.475924721Z","labels":{"firebase-functions-hash":"aefc15ca4ee05b49212bfbcfd36c95ef2c5673fa","deployment-tool":"cli-firebase","deployment-callable":"true"},"environment":"GEN_2","url":"https://us-central1-kaizen-cmp.cloudfunctions.net/toggleFriendAsFavorite","createTime":"2025-01-27T16:54:17.113037718Z"}]}
[info] i  functions: ensuring required API cloudscheduler.googleapis.com is enabled... 
[debug] [2025-01-27T22:10:08.604Z] Checked if tokens are valid: true, expires at: 1738018850196
[debug] [2025-01-27T22:10:08.604Z] Checked if tokens are valid: true, expires at: 1738018850196
[debug] [2025-01-27T22:10:08.604Z] >>> [apiv2][query] GET https://serviceusage.googleapis.com/v1/projects/kaizen-cmp/services/cloudscheduler.googleapis.com [none]
[debug] [2025-01-27T22:10:08.604Z] >>> [apiv2][(partial)header] GET https://serviceusage.googleapis.com/v1/projects/kaizen-cmp/services/cloudscheduler.googleapis.com x-goog-quota-user=projects/kaizen-cmp
[debug] [2025-01-27T22:10:09.404Z] <<< [apiv2][status] GET https://serviceusage.googleapis.com/v1/projects/kaizen-cmp/services/cloudscheduler.googleapis.com 200
[debug] [2025-01-27T22:10:09.404Z] <<< [apiv2][body] GET https://serviceusage.googleapis.com/v1/projects/kaizen-cmp/services/cloudscheduler.googleapis.com [omitted]
[info] ✔  functions: required API cloudscheduler.googleapis.com is enabled 
[info] i  functions: ensuring required API run.googleapis.com is enabled... 
[debug] [2025-01-27T22:10:09.406Z] Checked if tokens are valid: true, expires at: 1738018850196
[debug] [2025-01-27T22:10:09.406Z] Checked if tokens are valid: true, expires at: 1738018850196
[info] i  functions: ensuring required API eventarc.googleapis.com is enabled... 
[debug] [2025-01-27T22:10:09.406Z] Checked if tokens are valid: true, expires at: 1738018850196
[debug] [2025-01-27T22:10:09.406Z] Checked if tokens are valid: true, expires at: 1738018850196
[info] i  functions: ensuring required API pubsub.googleapis.com is enabled... 
[debug] [2025-01-27T22:10:09.406Z] Checked if tokens are valid: true, expires at: 1738018850196
[debug] [2025-01-27T22:10:09.406Z] Checked if tokens are valid: true, expires at: 1738018850196
[info] i  functions: ensuring required API storage.googleapis.com is enabled... 
[debug] [2025-01-27T22:10:09.406Z] Checked if tokens are valid: true, expires at: 1738018850196
[debug] [2025-01-27T22:10:09.407Z] Checked if tokens are valid: true, expires at: 1738018850196
[debug] [2025-01-27T22:10:09.407Z] >>> [apiv2][query] GET https://serviceusage.googleapis.com/v1/projects/kaizen-cmp/services/run.googleapis.com [none]
[debug] [2025-01-27T22:10:09.407Z] >>> [apiv2][(partial)header] GET https://serviceusage.googleapis.com/v1/projects/kaizen-cmp/services/run.googleapis.com x-goog-quota-user=projects/kaizen-cmp
[debug] [2025-01-27T22:10:09.408Z] >>> [apiv2][query] GET https://serviceusage.googleapis.com/v1/projects/kaizen-cmp/services/eventarc.googleapis.com [none]
[debug] [2025-01-27T22:10:09.408Z] >>> [apiv2][(partial)header] GET https://serviceusage.googleapis.com/v1/projects/kaizen-cmp/services/eventarc.googleapis.com x-goog-quota-user=projects/kaizen-cmp
[debug] [2025-01-27T22:10:09.410Z] >>> [apiv2][query] GET https://serviceusage.googleapis.com/v1/projects/kaizen-cmp/services/pubsub.googleapis.com [none]
[debug] [2025-01-27T22:10:09.410Z] >>> [apiv2][(partial)header] GET https://serviceusage.googleapis.com/v1/projects/kaizen-cmp/services/pubsub.googleapis.com x-goog-quota-user=projects/kaizen-cmp
[debug] [2025-01-27T22:10:09.413Z] >>> [apiv2][query] GET https://serviceusage.googleapis.com/v1/projects/kaizen-cmp/services/storage.googleapis.com [none]
[debug] [2025-01-27T22:10:09.413Z] >>> [apiv2][(partial)header] GET https://serviceusage.googleapis.com/v1/projects/kaizen-cmp/services/storage.googleapis.com x-goog-quota-user=projects/kaizen-cmp
[debug] [2025-01-27T22:10:09.763Z] <<< [apiv2][status] GET https://serviceusage.googleapis.com/v1/projects/kaizen-cmp/services/run.googleapis.com 200
[debug] [2025-01-27T22:10:09.763Z] <<< [apiv2][body] GET https://serviceusage.googleapis.com/v1/projects/kaizen-cmp/services/run.googleapis.com [omitted]
[info] ✔  functions: required API run.googleapis.com is enabled 
[debug] [2025-01-27T22:10:10.263Z] <<< [apiv2][status] GET https://serviceusage.googleapis.com/v1/projects/kaizen-cmp/services/eventarc.googleapis.com 200
[debug] [2025-01-27T22:10:10.263Z] <<< [apiv2][body] GET https://serviceusage.googleapis.com/v1/projects/kaizen-cmp/services/eventarc.googleapis.com [omitted]
[info] ✔  functions: required API eventarc.googleapis.com is enabled 
[debug] [2025-01-27T22:10:10.265Z] <<< [apiv2][status] GET https://serviceusage.googleapis.com/v1/projects/kaizen-cmp/services/pubsub.googleapis.com 200
[debug] [2025-01-27T22:10:10.265Z] <<< [apiv2][body] GET https://serviceusage.googleapis.com/v1/projects/kaizen-cmp/services/pubsub.googleapis.com [omitted]
[info] ✔  functions: required API pubsub.googleapis.com is enabled 
[debug] [2025-01-27T22:10:10.266Z] <<< [apiv2][status] GET https://serviceusage.googleapis.com/v1/projects/kaizen-cmp/services/storage.googleapis.com 200
[debug] [2025-01-27T22:10:10.266Z] <<< [apiv2][body] GET https://serviceusage.googleapis.com/v1/projects/kaizen-cmp/services/storage.googleapis.com [omitted]
[info] ✔  functions: required API storage.googleapis.com is enabled 
[info] i  functions: generating the service identity for pubsub.googleapis.com... 
[debug] [2025-01-27T22:10:10.266Z] Checked if tokens are valid: true, expires at: 1738018850196
[debug] [2025-01-27T22:10:10.266Z] Checked if tokens are valid: true, expires at: 1738018850196
[info] i  functions: generating the service identity for eventarc.googleapis.com... 
[debug] [2025-01-27T22:10:10.266Z] Checked if tokens are valid: true, expires at: 1738018850196
[debug] [2025-01-27T22:10:10.266Z] Checked if tokens are valid: true, expires at: 1738018850196
[debug] [2025-01-27T22:10:10.267Z] >>> [apiv2][query] POST https://serviceusage.googleapis.com/v1beta1/projects/1087432737670/services/pubsub.googleapis.com:generateServiceIdentity [none]
[debug] [2025-01-27T22:10:10.267Z] >>> [apiv2][query] POST https://serviceusage.googleapis.com/v1beta1/projects/1087432737670/services/eventarc.googleapis.com:generateServiceIdentity [none]
[debug] [2025-01-27T22:10:10.707Z] <<< [apiv2][status] POST https://serviceusage.googleapis.com/v1beta1/projects/1087432737670/services/pubsub.googleapis.com:generateServiceIdentity 200
[debug] [2025-01-27T22:10:10.707Z] <<< [apiv2][body] POST https://serviceusage.googleapis.com/v1beta1/projects/1087432737670/services/pubsub.googleapis.com:generateServiceIdentity {"name":"operations/finished.DONE_OPERATION","done":true,"response":{"@type":"type.googleapis.com/google.api.serviceusage.v1beta1.ServiceIdentity","email":"service-1087432737670@gcp-sa-pubsub.iam.gserviceaccount.com","uniqueId":"103282665060555481996"}}
[debug] [2025-01-27T22:10:11.088Z] <<< [apiv2][status] POST https://serviceusage.googleapis.com/v1beta1/projects/1087432737670/services/eventarc.googleapis.com:generateServiceIdentity 200
[debug] [2025-01-27T22:10:11.089Z] <<< [apiv2][body] POST https://serviceusage.googleapis.com/v1beta1/projects/1087432737670/services/eventarc.googleapis.com:generateServiceIdentity {"name":"operations/finished.DONE_OPERATION","done":true,"response":{"@type":"type.googleapis.com/google.api.serviceusage.v1beta1.ServiceIdentity","email":"service-1087432737670@gcp-sa-eventarc.iam.gserviceaccount.com","uniqueId":"102381337170839788764"}}
[debug] [2025-01-27T22:10:11.091Z] Checked if tokens are valid: true, expires at: 1738018850196
[debug] [2025-01-27T22:10:11.091Z] Checked if tokens are valid: true, expires at: 1738018850196
[debug] [2025-01-27T22:10:11.091Z] >>> [apiv2][query] GET https://cloudresourcemanager.googleapis.com/v1/projects/kaizen-cmp [none]
[debug] [2025-01-27T22:10:11.767Z] <<< [apiv2][status] GET https://cloudresourcemanager.googleapis.com/v1/projects/kaizen-cmp 200
[debug] [2025-01-27T22:10:11.767Z] <<< [apiv2][body] GET https://cloudresourcemanager.googleapis.com/v1/projects/kaizen-cmp {"projectNumber":"1087432737670","projectId":"kaizen-cmp","lifecycleState":"ACTIVE","name":"Kaizen-cmp","labels":{"firebase":"enabled","firebase-core":"disabled"},"createTime":"2024-12-14T21:09:53.572212Z"}
[debug] [2025-01-27T22:10:11.769Z] Checked if tokens are valid: true, expires at: 1738018850196
[debug] [2025-01-27T22:10:11.769Z] Checked if tokens are valid: true, expires at: 1738018850196
[debug] [2025-01-27T22:10:11.769Z] >>> [apiv2][query] GET https://cloudbilling.googleapis.com/v1/projects/kaizen-cmp/billingInfo [none]
[debug] [2025-01-27T22:10:12.557Z] <<< [apiv2][status] GET https://cloudbilling.googleapis.com/v1/projects/kaizen-cmp/billingInfo 200
[debug] [2025-01-27T22:10:12.558Z] <<< [apiv2][body] GET https://cloudbilling.googleapis.com/v1/projects/kaizen-cmp/billingInfo {"name":"projects/kaizen-cmp/billingInfo","projectId":"kaizen-cmp","billingAccountName":"billingAccounts/013FE2-DCF71F-8F3460","billingEnabled":true}
[debug] [2025-01-27T22:10:12.560Z] Checked if tokens are valid: true, expires at: 1738018850196
[debug] [2025-01-27T22:10:12.561Z] Checked if tokens are valid: true, expires at: 1738018850196
[debug] [2025-01-27T22:10:12.561Z] >>> [apiv2][query] POST https://cloudfunctions.googleapis.com/v2/projects/kaizen-cmp/locations/us-central1/functions:generateUploadUrl [none]
[debug] [2025-01-27T22:10:13.348Z] <<< [apiv2][status] POST https://cloudfunctions.googleapis.com/v2/projects/kaizen-cmp/locations/us-central1/functions:generateUploadUrl 200
[debug] [2025-01-27T22:10:13.348Z] <<< [apiv2][body] POST https://cloudfunctions.googleapis.com/v2/projects/kaizen-cmp/locations/us-central1/functions:generateUploadUrl {"uploadUrl":"https://storage.googleapis.com/gcf-v2-uploads-1087432737670.us-central1.cloudfunctions.appspot.com/46303538-6d8a-4792-b9a0-adf881733472.zip?GoogleAccessId=service-1087432737670@gcf-admin-robot.iam.gserviceaccount.com&Expires=1738017613&Signature=WeJfWu4FUSEaGJBpgr3eXvnNSAugYgmZfyNw0BVnFrvNxHfMxtVJ7lIgrl6qtsU%2F1UTIcaYdAIhBjGLgc%2BxFHQORQzFCOijbZRKwDcC%2BzqR%2FwAT3Mr9vFsauhf8iXXb2OzHUyiyuima0QeBSHAfst1JTyqWH%2BJks3E4q9pHxaALxAxligvIAArmPQRIssJiojuj6KNVXAUMeljaEKlMKYHMk9LgZ0rOsb9d4ioiRtBbbIW4MMTPx3sifNabW%2BIR0QeXJ8qXnAQqFKj9idCHvnI2O433X4TyJAxMpby1U6DzbOXfNBi5W3EGQR6RIVMR7dUSOmpR0rk%2BmvB926Nk%2BrA%3D%3D","storageSource":{"bucket":"gcf-v2-uploads-1087432737670.us-central1.cloudfunctions.appspot.com","object":"46303538-6d8a-4792-b9a0-adf881733472.zip"}}
[debug] [2025-01-27T22:10:13.349Z] >>> [apiv2][query] PUT https://storage.googleapis.com/gcf-v2-uploads-1087432737670.us-central1.cloudfunctions.appspot.com/46303538-6d8a-4792-b9a0-adf881733472.zip GoogleAccessId=service-1087432737670%40gcf-admin-robot.iam.gserviceaccount.com&Expires=1738017613&Signature=WeJfWu4FUSEaGJBpgr3eXvnNSAugYgmZfyNw0BVnFrvNxHfMxtVJ7lIgrl6qtsU%2F1UTIcaYdAIhBjGLgc%2BxFHQORQzFCOijbZRKwDcC%2BzqR%2FwAT3Mr9vFsauhf8iXXb2OzHUyiyuima0QeBSHAfst1JTyqWH%2BJks3E4q9pHxaALxAxligvIAArmPQRIssJiojuj6KNVXAUMeljaEKlMKYHMk9LgZ0rOsb9d4ioiRtBbbIW4MMTPx3sifNabW%2BIR0QeXJ8qXnAQqFKj9idCHvnI2O433X4TyJAxMpby1U6DzbOXfNBi5W3EGQR6RIVMR7dUSOmpR0rk%2BmvB926Nk%2BrA%3D%3D
[debug] [2025-01-27T22:10:13.349Z] >>> [apiv2][body] PUT https://storage.googleapis.com/gcf-v2-uploads-1087432737670.us-central1.cloudfunctions.appspot.com/46303538-6d8a-4792-b9a0-adf881733472.zip [stream]
[debug] [2025-01-27T22:10:14.082Z] <<< [apiv2][status] PUT https://storage.googleapis.com/gcf-v2-uploads-1087432737670.us-central1.cloudfunctions.appspot.com/46303538-6d8a-4792-b9a0-adf881733472.zip 200
[debug] [2025-01-27T22:10:14.083Z] <<< [apiv2][body] PUT https://storage.googleapis.com/gcf-v2-uploads-1087432737670.us-central1.cloudfunctions.appspot.com/46303538-6d8a-4792-b9a0-adf881733472.zip [omitted]
[info] ✔  functions: functions folder uploaded successfully 
[info] 
The following functions are found in your project but do not exist in your local source code:
	getFriendPreviewById(us-central1)

If you are renaming a function or changing its region, it is recommended that you create the new function first before deleting the old one to prevent event loss. For more info, visit https://firebase.google.com/docs/functions/manage-functions#modify

